<?xml version="1.0" encoding="UTF-8"?>
<testng-results ignored="0" total="1" passed="1" failed="0" skipped="0">
  <reporter-output>
  </reporter-output>
  <suite started-at="2022-12-10T02:48:00Z" name="Default suite" finished-at="2022-12-10T02:48:05Z" duration-ms="4876">
    <groups>
    </groups>
    <test started-at="2022-12-10T02:48:00Z" name="Default test" finished-at="2022-12-10T02:48:05Z" duration-ms="4876">
      <class name="restAPIxml.CreateRepo">
        <test-method signature="test1()[pri:0, instance:restAPIxml.CreateRepo@3b8f0a79]" started-at="2022-12-10T02:48:00Z" name="test1" finished-at="2022-12-10T02:48:05Z" duration-ms="4840" status="PASS">
          <reporter-output>
          </reporter-output>
        </test-method> <!-- test1 -->
      </class> <!-- restAPIxml.CreateRepo -->
    </test> <!-- Default test -->
  </suite> <!-- Default suite -->
</testng-results>
